[2017-12-04T18:58:11,567][INFO ][o.e.n.Node               ] [] initializing ...
[2017-12-04T18:58:11,673][INFO ][o.e.e.NodeEnvironment    ] [vukpIBq] using [1] data paths, mounts [[/ (/dev/disk1s1)]], net usable_space [82.6gb], net total_space [233.4gb], spins? [unknown], types [apfs]
[2017-12-04T18:58:11,673][INFO ][o.e.e.NodeEnvironment    ] [vukpIBq] heap size [1.9gb], compressed ordinary object pointers [true]
[2017-12-04T18:58:11,746][INFO ][o.e.n.Node               ] node name [vukpIBq] derived from node ID [vukpIBqAQ4q-S6D-39n8Xg]; set [node.name] to override
[2017-12-04T18:58:11,746][INFO ][o.e.n.Node               ] version[5.6.3], pid[3088], build[1a2f265/2017-10-06T20:33:39.012Z], OS[Mac OS X/10.13.1/x86_64], JVM[Oracle Corporation/Java HotSpot(TM) 64-Bit Server VM/1.8.0_101/25.101-b13]
[2017-12-04T18:58:11,747][INFO ][o.e.n.Node               ] JVM arguments [-Xms2g, -Xmx2g, -XX:+UseConcMarkSweepGC, -XX:CMSInitiatingOccupancyFraction=75, -XX:+UseCMSInitiatingOccupancyOnly, -XX:+AlwaysPreTouch, -Xss1m, -Djava.awt.headless=true, -Dfile.encoding=UTF-8, -Djna.nosys=true, -Djdk.io.permissionsUseCanonicalPath=true, -Dio.netty.noUnsafe=true, -Dio.netty.noKeySetOptimization=true, -Dio.netty.recycler.maxCapacityPerThread=0, -Dlog4j.shutdownHookEnabled=false, -Dlog4j2.disable.jmx=true, -Dlog4j.skipJansi=true, -XX:+HeapDumpOnOutOfMemoryError, -Des.path.home=/Users/glancyrodrigues/NYU/Masters/Semester 3/Cloud/Assignments/Assignment1/elasticsearch-5.6.3]
[2017-12-04T18:58:12,740][INFO ][o.e.p.PluginsService     ] [vukpIBq] loaded module [aggs-matrix-stats]
[2017-12-04T18:58:12,741][INFO ][o.e.p.PluginsService     ] [vukpIBq] loaded module [ingest-common]
[2017-12-04T18:58:12,741][INFO ][o.e.p.PluginsService     ] [vukpIBq] loaded module [lang-expression]
[2017-12-04T18:58:12,741][INFO ][o.e.p.PluginsService     ] [vukpIBq] loaded module [lang-groovy]
[2017-12-04T18:58:12,741][INFO ][o.e.p.PluginsService     ] [vukpIBq] loaded module [lang-mustache]
[2017-12-04T18:58:12,741][INFO ][o.e.p.PluginsService     ] [vukpIBq] loaded module [lang-painless]
[2017-12-04T18:58:12,741][INFO ][o.e.p.PluginsService     ] [vukpIBq] loaded module [parent-join]
[2017-12-04T18:58:12,741][INFO ][o.e.p.PluginsService     ] [vukpIBq] loaded module [percolator]
[2017-12-04T18:58:12,742][INFO ][o.e.p.PluginsService     ] [vukpIBq] loaded module [reindex]
[2017-12-04T18:58:12,742][INFO ][o.e.p.PluginsService     ] [vukpIBq] loaded module [transport-netty3]
[2017-12-04T18:58:12,742][INFO ][o.e.p.PluginsService     ] [vukpIBq] loaded module [transport-netty4]
[2017-12-04T18:58:12,743][INFO ][o.e.p.PluginsService     ] [vukpIBq] no plugins loaded
[2017-12-04T18:58:14,245][INFO ][o.e.d.DiscoveryModule    ] [vukpIBq] using discovery type [zen]
[2017-12-04T18:58:15,062][INFO ][o.e.n.Node               ] initialized
[2017-12-04T18:58:15,062][INFO ][o.e.n.Node               ] [vukpIBq] starting ...
[2017-12-04T18:58:15,474][INFO ][o.e.t.TransportService   ] [vukpIBq] publish_address {127.0.0.1:9300}, bound_addresses {[fe80::1]:9300}, {[::1]:9300}, {127.0.0.1:9300}
[2017-12-04T18:58:18,537][INFO ][o.e.c.s.ClusterService   ] [vukpIBq] new_master {vukpIBq}{vukpIBqAQ4q-S6D-39n8Xg}{LVwwYzyoR2S2q-2bg9mLVQ}{127.0.0.1}{127.0.0.1:9300}, reason: zen-disco-elected-as-master ([0] nodes joined)
[2017-12-04T18:58:18,588][INFO ][o.e.h.n.Netty4HttpServerTransport] [vukpIBq] publish_address {127.0.0.1:9200}, bound_addresses {[fe80::1]:9200}, {[::1]:9200}, {127.0.0.1:9200}
[2017-12-04T18:58:18,588][INFO ][o.e.n.Node               ] [vukpIBq] started
[2017-12-04T18:58:18,866][INFO ][o.e.g.GatewayService     ] [vukpIBq] recovered [4] indices into cluster_state
[2017-12-04T18:58:19,632][INFO ][o.e.c.r.a.AllocationService] [vukpIBq] Cluster health status changed from [RED] to [YELLOW] (reason: [shards started [[idx_twp][0]] ...]).
[2017-12-04T21:24:06,593][INFO ][o.e.n.Node               ] [vukpIBq] stopping ...
[2017-12-04T21:24:06,664][INFO ][o.e.n.Node               ] [vukpIBq] stopped
[2017-12-04T21:24:06,665][INFO ][o.e.n.Node               ] [vukpIBq] closing ...
[2017-12-04T21:24:06,674][INFO ][o.e.n.Node               ] [vukpIBq] closed
