[2017-10-19T13:50:47,433][INFO ][o.e.n.Node               ] [] initializing ...
[2017-10-19T13:50:47,537][INFO ][o.e.e.NodeEnvironment    ] [vukpIBq] using [1] data paths, mounts [[/ (/dev/disk1)]], net usable_space [73.6gb], net total_space [232.5gb], spins? [unknown], types [hfs]
[2017-10-19T13:50:47,538][INFO ][o.e.e.NodeEnvironment    ] [vukpIBq] heap size [1.9gb], compressed ordinary object pointers [true]
[2017-10-19T13:50:47,593][INFO ][o.e.n.Node               ] node name [vukpIBq] derived from node ID [vukpIBqAQ4q-S6D-39n8Xg]; set [node.name] to override
[2017-10-19T13:50:47,593][INFO ][o.e.n.Node               ] version[5.6.3], pid[47352], build[1a2f265/2017-10-06T20:33:39.012Z], OS[Mac OS X/10.12.6/x86_64], JVM[Oracle Corporation/Java HotSpot(TM) 64-Bit Server VM/1.8.0_101/25.101-b13]
[2017-10-19T13:50:47,594][INFO ][o.e.n.Node               ] JVM arguments [-Xms2g, -Xmx2g, -XX:+UseConcMarkSweepGC, -XX:CMSInitiatingOccupancyFraction=75, -XX:+UseCMSInitiatingOccupancyOnly, -XX:+AlwaysPreTouch, -Xss1m, -Djava.awt.headless=true, -Dfile.encoding=UTF-8, -Djna.nosys=true, -Djdk.io.permissionsUseCanonicalPath=true, -Dio.netty.noUnsafe=true, -Dio.netty.noKeySetOptimization=true, -Dio.netty.recycler.maxCapacityPerThread=0, -Dlog4j.shutdownHookEnabled=false, -Dlog4j2.disable.jmx=true, -Dlog4j.skipJansi=true, -XX:+HeapDumpOnOutOfMemoryError, -Des.path.home=/Users/glancyrodrigues/NYU/Masters/Semester 3/Cloud/Assignments/Assignment1/elasticsearch-5.6.3]
[2017-10-19T13:50:48,566][INFO ][o.e.p.PluginsService     ] [vukpIBq] loaded module [aggs-matrix-stats]
[2017-10-19T13:50:48,566][INFO ][o.e.p.PluginsService     ] [vukpIBq] loaded module [ingest-common]
[2017-10-19T13:50:48,567][INFO ][o.e.p.PluginsService     ] [vukpIBq] loaded module [lang-expression]
[2017-10-19T13:50:48,567][INFO ][o.e.p.PluginsService     ] [vukpIBq] loaded module [lang-groovy]
[2017-10-19T13:50:48,567][INFO ][o.e.p.PluginsService     ] [vukpIBq] loaded module [lang-mustache]
[2017-10-19T13:50:48,567][INFO ][o.e.p.PluginsService     ] [vukpIBq] loaded module [lang-painless]
[2017-10-19T13:50:48,567][INFO ][o.e.p.PluginsService     ] [vukpIBq] loaded module [parent-join]
[2017-10-19T13:50:48,568][INFO ][o.e.p.PluginsService     ] [vukpIBq] loaded module [percolator]
[2017-10-19T13:50:48,568][INFO ][o.e.p.PluginsService     ] [vukpIBq] loaded module [reindex]
[2017-10-19T13:50:48,568][INFO ][o.e.p.PluginsService     ] [vukpIBq] loaded module [transport-netty3]
[2017-10-19T13:50:48,569][INFO ][o.e.p.PluginsService     ] [vukpIBq] loaded module [transport-netty4]
[2017-10-19T13:50:48,569][INFO ][o.e.p.PluginsService     ] [vukpIBq] no plugins loaded
[2017-10-19T13:50:50,368][INFO ][o.e.d.DiscoveryModule    ] [vukpIBq] using discovery type [zen]
[2017-10-19T13:50:51,408][INFO ][o.e.n.Node               ] initialized
[2017-10-19T13:50:51,408][INFO ][o.e.n.Node               ] [vukpIBq] starting ...
[2017-10-19T13:50:51,707][INFO ][o.e.t.TransportService   ] [vukpIBq] publish_address {127.0.0.1:9300}, bound_addresses {[fe80::1]:9300}, {[::1]:9300}, {127.0.0.1:9300}
[2017-10-19T13:50:54,793][INFO ][o.e.c.s.ClusterService   ] [vukpIBq] new_master {vukpIBq}{vukpIBqAQ4q-S6D-39n8Xg}{ryqQEVlyTVeUIHtrXMk0LA}{127.0.0.1}{127.0.0.1:9300}, reason: zen-disco-elected-as-master ([0] nodes joined)
[2017-10-19T13:50:54,818][INFO ][o.e.h.n.Netty4HttpServerTransport] [vukpIBq] publish_address {127.0.0.1:9200}, bound_addresses {[fe80::1]:9200}, {[::1]:9200}, {127.0.0.1:9200}
[2017-10-19T13:50:54,818][INFO ][o.e.n.Node               ] [vukpIBq] started
[2017-10-19T13:50:55,045][INFO ][o.e.g.GatewayService     ] [vukpIBq] recovered [4] indices into cluster_state
[2017-10-19T13:50:55,760][INFO ][o.e.c.r.a.AllocationService] [vukpIBq] Cluster health status changed from [RED] to [YELLOW] (reason: [shards started [[idx_twp][0]] ...]).
[2017-10-19T16:44:42,822][INFO ][o.e.n.Node               ] [vukpIBq] stopping ...
[2017-10-19T16:44:42,859][INFO ][o.e.n.Node               ] [vukpIBq] stopped
[2017-10-19T16:44:42,860][INFO ][o.e.n.Node               ] [vukpIBq] closing ...
[2017-10-19T16:44:42,867][INFO ][o.e.n.Node               ] [vukpIBq] closed
