[2017-10-18T15:08:37,217][INFO ][o.e.n.Node               ] [] initializing ...
[2017-10-18T15:08:37,321][INFO ][o.e.e.NodeEnvironment    ] [vukpIBq] using [1] data paths, mounts [[/ (/dev/disk1)]], net usable_space [73.7gb], net total_space [232.5gb], spins? [unknown], types [hfs]
[2017-10-18T15:08:37,322][INFO ][o.e.e.NodeEnvironment    ] [vukpIBq] heap size [1.9gb], compressed ordinary object pointers [true]
[2017-10-18T15:08:37,362][INFO ][o.e.n.Node               ] node name [vukpIBq] derived from node ID [vukpIBqAQ4q-S6D-39n8Xg]; set [node.name] to override
[2017-10-18T15:08:37,362][INFO ][o.e.n.Node               ] version[5.6.3], pid[46593], build[1a2f265/2017-10-06T20:33:39.012Z], OS[Mac OS X/10.12.6/x86_64], JVM[Oracle Corporation/Java HotSpot(TM) 64-Bit Server VM/1.8.0_101/25.101-b13]
[2017-10-18T15:08:37,362][INFO ][o.e.n.Node               ] JVM arguments [-Xms2g, -Xmx2g, -XX:+UseConcMarkSweepGC, -XX:CMSInitiatingOccupancyFraction=75, -XX:+UseCMSInitiatingOccupancyOnly, -XX:+AlwaysPreTouch, -Xss1m, -Djava.awt.headless=true, -Dfile.encoding=UTF-8, -Djna.nosys=true, -Djdk.io.permissionsUseCanonicalPath=true, -Dio.netty.noUnsafe=true, -Dio.netty.noKeySetOptimization=true, -Dio.netty.recycler.maxCapacityPerThread=0, -Dlog4j.shutdownHookEnabled=false, -Dlog4j2.disable.jmx=true, -Dlog4j.skipJansi=true, -XX:+HeapDumpOnOutOfMemoryError, -Des.path.home=/Users/glancyrodrigues/NYU/Masters/Semester 3/Cloud/Assignments/Assignment1/elasticsearch-5.6.3]
[2017-10-18T15:08:38,293][INFO ][o.e.p.PluginsService     ] [vukpIBq] loaded module [aggs-matrix-stats]
[2017-10-18T15:08:38,293][INFO ][o.e.p.PluginsService     ] [vukpIBq] loaded module [ingest-common]
[2017-10-18T15:08:38,293][INFO ][o.e.p.PluginsService     ] [vukpIBq] loaded module [lang-expression]
[2017-10-18T15:08:38,293][INFO ][o.e.p.PluginsService     ] [vukpIBq] loaded module [lang-groovy]
[2017-10-18T15:08:38,293][INFO ][o.e.p.PluginsService     ] [vukpIBq] loaded module [lang-mustache]
[2017-10-18T15:08:38,293][INFO ][o.e.p.PluginsService     ] [vukpIBq] loaded module [lang-painless]
[2017-10-18T15:08:38,293][INFO ][o.e.p.PluginsService     ] [vukpIBq] loaded module [parent-join]
[2017-10-18T15:08:38,293][INFO ][o.e.p.PluginsService     ] [vukpIBq] loaded module [percolator]
[2017-10-18T15:08:38,294][INFO ][o.e.p.PluginsService     ] [vukpIBq] loaded module [reindex]
[2017-10-18T15:08:38,294][INFO ][o.e.p.PluginsService     ] [vukpIBq] loaded module [transport-netty3]
[2017-10-18T15:08:38,294][INFO ][o.e.p.PluginsService     ] [vukpIBq] loaded module [transport-netty4]
[2017-10-18T15:08:38,294][INFO ][o.e.p.PluginsService     ] [vukpIBq] no plugins loaded
[2017-10-18T15:08:39,983][INFO ][o.e.d.DiscoveryModule    ] [vukpIBq] using discovery type [zen]
[2017-10-18T15:08:40,752][INFO ][o.e.n.Node               ] initialized
[2017-10-18T15:08:40,753][INFO ][o.e.n.Node               ] [vukpIBq] starting ...
[2017-10-18T15:08:41,018][INFO ][o.e.t.TransportService   ] [vukpIBq] publish_address {127.0.0.1:9300}, bound_addresses {[fe80::1]:9300}, {[::1]:9300}, {127.0.0.1:9300}
[2017-10-18T15:08:44,074][INFO ][o.e.c.s.ClusterService   ] [vukpIBq] new_master {vukpIBq}{vukpIBqAQ4q-S6D-39n8Xg}{JkTIYlpeStOYHdzaL3W9JQ}{127.0.0.1}{127.0.0.1:9300}, reason: zen-disco-elected-as-master ([0] nodes joined)
[2017-10-18T15:08:44,104][INFO ][o.e.h.n.Netty4HttpServerTransport] [vukpIBq] publish_address {127.0.0.1:9200}, bound_addresses {[fe80::1]:9200}, {[::1]:9200}, {127.0.0.1:9200}
[2017-10-18T15:08:44,104][INFO ][o.e.n.Node               ] [vukpIBq] started
[2017-10-18T15:08:44,358][INFO ][o.e.g.GatewayService     ] [vukpIBq] recovered [4] indices into cluster_state
[2017-10-18T15:08:45,278][INFO ][o.e.c.r.a.AllocationService] [vukpIBq] Cluster health status changed from [RED] to [YELLOW] (reason: [shards started [[idx_twp][3]] ...]).
[2017-10-18T15:12:02,205][DEBUG][o.e.a.b.TransportShardBulkAction] [vukpIBq] [index1][0] failed to execute bulk item (index) BulkShardRequest [[index1][0]] containing [index {[index1][tweet][920729196938309632], source[n/a, actual length: [2.9kb], max length: 2kb]}]
org.elasticsearch.index.mapper.MapperParsingException: failed to parse [tweets]
	at org.elasticsearch.index.mapper.FieldMapper.parse(FieldMapper.java:298) ~[elasticsearch-5.6.3.jar:5.6.3]
	at org.elasticsearch.index.mapper.DocumentParser.parseObjectOrField(DocumentParser.java:468) ~[elasticsearch-5.6.3.jar:5.6.3]
	at org.elasticsearch.index.mapper.DocumentParser.parseObject(DocumentParser.java:484) ~[elasticsearch-5.6.3.jar:5.6.3]
	at org.elasticsearch.index.mapper.DocumentParser.innerParseObject(DocumentParser.java:383) ~[elasticsearch-5.6.3.jar:5.6.3]
	at org.elasticsearch.index.mapper.DocumentParser.parseObjectOrNested(DocumentParser.java:373) ~[elasticsearch-5.6.3.jar:5.6.3]
	at org.elasticsearch.index.mapper.DocumentParser.internalParseDocument(DocumentParser.java:93) ~[elasticsearch-5.6.3.jar:5.6.3]
	at org.elasticsearch.index.mapper.DocumentParser.parseDocument(DocumentParser.java:66) ~[elasticsearch-5.6.3.jar:5.6.3]
	at org.elasticsearch.index.mapper.DocumentMapper.parse(DocumentMapper.java:277) ~[elasticsearch-5.6.3.jar:5.6.3]
	at org.elasticsearch.index.shard.IndexShard.prepareIndex(IndexShard.java:530) ~[elasticsearch-5.6.3.jar:5.6.3]
	at org.elasticsearch.index.shard.IndexShard.prepareIndexOnPrimary(IndexShard.java:507) ~[elasticsearch-5.6.3.jar:5.6.3]
	at org.elasticsearch.action.bulk.TransportShardBulkAction.prepareIndexOperationOnPrimary(TransportShardBulkAction.java:458) ~[elasticsearch-5.6.3.jar:5.6.3]
	at org.elasticsearch.action.bulk.TransportShardBulkAction.executeIndexRequestOnPrimary(TransportShardBulkAction.java:466) ~[elasticsearch-5.6.3.jar:5.6.3]
	at org.elasticsearch.action.bulk.TransportShardBulkAction.executeBulkItemRequest(TransportShardBulkAction.java:146) [elasticsearch-5.6.3.jar:5.6.3]
	at org.elasticsearch.action.bulk.TransportShardBulkAction.shardOperationOnPrimary(TransportShardBulkAction.java:115) [elasticsearch-5.6.3.jar:5.6.3]
	at org.elasticsearch.action.bulk.TransportShardBulkAction.shardOperationOnPrimary(TransportShardBulkAction.java:70) [elasticsearch-5.6.3.jar:5.6.3]
	at org.elasticsearch.action.support.replication.TransportReplicationAction$PrimaryShardReference.perform(TransportReplicationAction.java:975) [elasticsearch-5.6.3.jar:5.6.3]
	at org.elasticsearch.action.support.replication.TransportReplicationAction$PrimaryShardReference.perform(TransportReplicationAction.java:944) [elasticsearch-5.6.3.jar:5.6.3]
	at org.elasticsearch.action.support.replication.ReplicationOperation.execute(ReplicationOperation.java:113) [elasticsearch-5.6.3.jar:5.6.3]
	at org.elasticsearch.action.support.replication.TransportReplicationAction$AsyncPrimaryAction.onResponse(TransportReplicationAction.java:345) [elasticsearch-5.6.3.jar:5.6.3]
	at org.elasticsearch.action.support.replication.TransportReplicationAction$AsyncPrimaryAction.onResponse(TransportReplicationAction.java:270) [elasticsearch-5.6.3.jar:5.6.3]
	at org.elasticsearch.action.support.replication.TransportReplicationAction$1.onResponse(TransportReplicationAction.java:924) [elasticsearch-5.6.3.jar:5.6.3]
	at org.elasticsearch.action.support.replication.TransportReplicationAction$1.onResponse(TransportReplicationAction.java:921) [elasticsearch-5.6.3.jar:5.6.3]
	at org.elasticsearch.index.shard.IndexShardOperationsLock.acquire(IndexShardOperationsLock.java:151) [elasticsearch-5.6.3.jar:5.6.3]
	at org.elasticsearch.index.shard.IndexShard.acquirePrimaryOperationLock(IndexShard.java:1659) [elasticsearch-5.6.3.jar:5.6.3]
	at org.elasticsearch.action.support.replication.TransportReplicationAction.acquirePrimaryShardReference(TransportReplicationAction.java:933) [elasticsearch-5.6.3.jar:5.6.3]
	at org.elasticsearch.action.support.replication.TransportReplicationAction.access$500(TransportReplicationAction.java:92) [elasticsearch-5.6.3.jar:5.6.3]
	at org.elasticsearch.action.support.replication.TransportReplicationAction$AsyncPrimaryAction.doRun(TransportReplicationAction.java:291) [elasticsearch-5.6.3.jar:5.6.3]
	at org.elasticsearch.common.util.concurrent.AbstractRunnable.run(AbstractRunnable.java:37) [elasticsearch-5.6.3.jar:5.6.3]
	at org.elasticsearch.action.support.replication.TransportReplicationAction$PrimaryOperationTransportHandler.messageReceived(TransportReplicationAction.java:266) [elasticsearch-5.6.3.jar:5.6.3]
	at org.elasticsearch.action.support.replication.TransportReplicationAction$PrimaryOperationTransportHandler.messageReceived(TransportReplicationAction.java:248) [elasticsearch-5.6.3.jar:5.6.3]
	at org.elasticsearch.transport.RequestHandlerRegistry.processMessageReceived(RequestHandlerRegistry.java:69) [elasticsearch-5.6.3.jar:5.6.3]
	at org.elasticsearch.transport.TransportService$7.doRun(TransportService.java:644) [elasticsearch-5.6.3.jar:5.6.3]
	at org.elasticsearch.common.util.concurrent.ThreadContext$ContextPreservingAbstractRunnable.doRun(ThreadContext.java:638) [elasticsearch-5.6.3.jar:5.6.3]
	at org.elasticsearch.common.util.concurrent.AbstractRunnable.run(AbstractRunnable.java:37) [elasticsearch-5.6.3.jar:5.6.3]
	at java.util.concurrent.ThreadPoolExecutor.runWorker(ThreadPoolExecutor.java:1142) [?:1.8.0_101]
	at java.util.concurrent.ThreadPoolExecutor$Worker.run(ThreadPoolExecutor.java:617) [?:1.8.0_101]
	at java.lang.Thread.run(Thread.java:745) [?:1.8.0_101]
Caused by: java.lang.IllegalStateException: Can't get text on a START_OBJECT at 1:12
	at org.elasticsearch.common.xcontent.json.JsonXContentParser.text(JsonXContentParser.java:88) ~[elasticsearch-5.6.3.jar:5.6.3]
	at org.elasticsearch.common.xcontent.support.AbstractXContentParser.textOrNull(AbstractXContentParser.java:237) ~[elasticsearch-5.6.3.jar:5.6.3]
	at org.elasticsearch.index.mapper.TextFieldMapper.parseCreateField(TextFieldMapper.java:380) ~[elasticsearch-5.6.3.jar:5.6.3]
	at org.elasticsearch.index.mapper.FieldMapper.parse(FieldMapper.java:287) ~[elasticsearch-5.6.3.jar:5.6.3]
	... 36 more
[2017-10-18T15:12:24,598][INFO ][o.e.n.Node               ] [vukpIBq] stopping ...
[2017-10-18T15:12:24,660][INFO ][o.e.n.Node               ] [vukpIBq] stopped
[2017-10-18T15:12:24,661][INFO ][o.e.n.Node               ] [vukpIBq] closing ...
[2017-10-18T15:12:24,677][INFO ][o.e.n.Node               ] [vukpIBq] closed
[2017-10-18T15:12:29,502][INFO ][o.e.n.Node               ] [] initializing ...
[2017-10-18T15:12:29,592][INFO ][o.e.e.NodeEnvironment    ] [vukpIBq] using [1] data paths, mounts [[/ (/dev/disk1)]], net usable_space [73.7gb], net total_space [232.5gb], spins? [unknown], types [hfs]
[2017-10-18T15:12:29,592][INFO ][o.e.e.NodeEnvironment    ] [vukpIBq] heap size [1.9gb], compressed ordinary object pointers [true]
[2017-10-18T15:12:29,633][INFO ][o.e.n.Node               ] node name [vukpIBq] derived from node ID [vukpIBqAQ4q-S6D-39n8Xg]; set [node.name] to override
[2017-10-18T15:12:29,634][INFO ][o.e.n.Node               ] version[5.6.3], pid[46629], build[1a2f265/2017-10-06T20:33:39.012Z], OS[Mac OS X/10.12.6/x86_64], JVM[Oracle Corporation/Java HotSpot(TM) 64-Bit Server VM/1.8.0_101/25.101-b13]
[2017-10-18T15:12:29,634][INFO ][o.e.n.Node               ] JVM arguments [-Xms2g, -Xmx2g, -XX:+UseConcMarkSweepGC, -XX:CMSInitiatingOccupancyFraction=75, -XX:+UseCMSInitiatingOccupancyOnly, -XX:+AlwaysPreTouch, -Xss1m, -Djava.awt.headless=true, -Dfile.encoding=UTF-8, -Djna.nosys=true, -Djdk.io.permissionsUseCanonicalPath=true, -Dio.netty.noUnsafe=true, -Dio.netty.noKeySetOptimization=true, -Dio.netty.recycler.maxCapacityPerThread=0, -Dlog4j.shutdownHookEnabled=false, -Dlog4j2.disable.jmx=true, -Dlog4j.skipJansi=true, -XX:+HeapDumpOnOutOfMemoryError, -Des.path.home=/Users/glancyrodrigues/NYU/Masters/Semester 3/Cloud/Assignments/Assignment1/elasticsearch-5.6.3]
[2017-10-18T15:12:30,413][INFO ][o.e.p.PluginsService     ] [vukpIBq] loaded module [aggs-matrix-stats]
[2017-10-18T15:12:30,413][INFO ][o.e.p.PluginsService     ] [vukpIBq] loaded module [ingest-common]
[2017-10-18T15:12:30,413][INFO ][o.e.p.PluginsService     ] [vukpIBq] loaded module [lang-expression]
[2017-10-18T15:12:30,413][INFO ][o.e.p.PluginsService     ] [vukpIBq] loaded module [lang-groovy]
[2017-10-18T15:12:30,413][INFO ][o.e.p.PluginsService     ] [vukpIBq] loaded module [lang-mustache]
[2017-10-18T15:12:30,413][INFO ][o.e.p.PluginsService     ] [vukpIBq] loaded module [lang-painless]
[2017-10-18T15:12:30,414][INFO ][o.e.p.PluginsService     ] [vukpIBq] loaded module [parent-join]
[2017-10-18T15:12:30,414][INFO ][o.e.p.PluginsService     ] [vukpIBq] loaded module [percolator]
[2017-10-18T15:12:30,414][INFO ][o.e.p.PluginsService     ] [vukpIBq] loaded module [reindex]
[2017-10-18T15:12:30,414][INFO ][o.e.p.PluginsService     ] [vukpIBq] loaded module [transport-netty3]
[2017-10-18T15:12:30,414][INFO ][o.e.p.PluginsService     ] [vukpIBq] loaded module [transport-netty4]
[2017-10-18T15:12:30,415][INFO ][o.e.p.PluginsService     ] [vukpIBq] no plugins loaded
[2017-10-18T15:12:31,660][INFO ][o.e.d.DiscoveryModule    ] [vukpIBq] using discovery type [zen]
[2017-10-18T15:12:32,159][INFO ][o.e.n.Node               ] initialized
[2017-10-18T15:12:32,159][INFO ][o.e.n.Node               ] [vukpIBq] starting ...
[2017-10-18T15:12:32,416][INFO ][o.e.t.TransportService   ] [vukpIBq] publish_address {127.0.0.1:9300}, bound_addresses {[fe80::1]:9300}, {[::1]:9300}, {127.0.0.1:9300}
[2017-10-18T15:12:35,501][INFO ][o.e.c.s.ClusterService   ] [vukpIBq] new_master {vukpIBq}{vukpIBqAQ4q-S6D-39n8Xg}{e8pmJDG7S5mzp_S4hIPuRw}{127.0.0.1}{127.0.0.1:9300}, reason: zen-disco-elected-as-master ([0] nodes joined)
[2017-10-18T15:12:35,578][INFO ][o.e.h.n.Netty4HttpServerTransport] [vukpIBq] publish_address {127.0.0.1:9200}, bound_addresses {[fe80::1]:9200}, {[::1]:9200}, {127.0.0.1:9200}
[2017-10-18T15:12:35,579][INFO ][o.e.n.Node               ] [vukpIBq] started
[2017-10-18T15:12:35,864][INFO ][o.e.g.GatewayService     ] [vukpIBq] recovered [4] indices into cluster_state
[2017-10-18T15:12:36,614][INFO ][o.e.c.r.a.AllocationService] [vukpIBq] Cluster health status changed from [RED] to [YELLOW] (reason: [shards started [[idx_twp][1], [idx_twp][4]] ...]).
[2017-10-18T15:13:19,125][DEBUG][o.e.a.b.TransportShardBulkAction] [vukpIBq] [index1][1] failed to execute bulk item (index) BulkShardRequest [[index1][1]] containing [index {[index1][tweet][920729520742821889], source[n/a, actual length: [2.7kb], max length: 2kb]}]
org.elasticsearch.index.mapper.MapperParsingException: failed to parse [tweets]
	at org.elasticsearch.index.mapper.FieldMapper.parse(FieldMapper.java:298) ~[elasticsearch-5.6.3.jar:5.6.3]
	at org.elasticsearch.index.mapper.DocumentParser.parseObjectOrField(DocumentParser.java:468) ~[elasticsearch-5.6.3.jar:5.6.3]
	at org.elasticsearch.index.mapper.DocumentParser.parseObject(DocumentParser.java:484) ~[elasticsearch-5.6.3.jar:5.6.3]
	at org.elasticsearch.index.mapper.DocumentParser.innerParseObject(DocumentParser.java:383) ~[elasticsearch-5.6.3.jar:5.6.3]
	at org.elasticsearch.index.mapper.DocumentParser.parseObjectOrNested(DocumentParser.java:373) ~[elasticsearch-5.6.3.jar:5.6.3]
	at org.elasticsearch.index.mapper.DocumentParser.internalParseDocument(DocumentParser.java:93) ~[elasticsearch-5.6.3.jar:5.6.3]
	at org.elasticsearch.index.mapper.DocumentParser.parseDocument(DocumentParser.java:66) ~[elasticsearch-5.6.3.jar:5.6.3]
	at org.elasticsearch.index.mapper.DocumentMapper.parse(DocumentMapper.java:277) ~[elasticsearch-5.6.3.jar:5.6.3]
	at org.elasticsearch.index.shard.IndexShard.prepareIndex(IndexShard.java:530) ~[elasticsearch-5.6.3.jar:5.6.3]
	at org.elasticsearch.index.shard.IndexShard.prepareIndexOnPrimary(IndexShard.java:507) ~[elasticsearch-5.6.3.jar:5.6.3]
	at org.elasticsearch.action.bulk.TransportShardBulkAction.prepareIndexOperationOnPrimary(TransportShardBulkAction.java:458) ~[elasticsearch-5.6.3.jar:5.6.3]
	at org.elasticsearch.action.bulk.TransportShardBulkAction.executeIndexRequestOnPrimary(TransportShardBulkAction.java:466) ~[elasticsearch-5.6.3.jar:5.6.3]
	at org.elasticsearch.action.bulk.TransportShardBulkAction.executeBulkItemRequest(TransportShardBulkAction.java:146) [elasticsearch-5.6.3.jar:5.6.3]
	at org.elasticsearch.action.bulk.TransportShardBulkAction.shardOperationOnPrimary(TransportShardBulkAction.java:115) [elasticsearch-5.6.3.jar:5.6.3]
	at org.elasticsearch.action.bulk.TransportShardBulkAction.shardOperationOnPrimary(TransportShardBulkAction.java:70) [elasticsearch-5.6.3.jar:5.6.3]
	at org.elasticsearch.action.support.replication.TransportReplicationAction$PrimaryShardReference.perform(TransportReplicationAction.java:975) [elasticsearch-5.6.3.jar:5.6.3]
	at org.elasticsearch.action.support.replication.TransportReplicationAction$PrimaryShardReference.perform(TransportReplicationAction.java:944) [elasticsearch-5.6.3.jar:5.6.3]
	at org.elasticsearch.action.support.replication.ReplicationOperation.execute(ReplicationOperation.java:113) [elasticsearch-5.6.3.jar:5.6.3]
	at org.elasticsearch.action.support.replication.TransportReplicationAction$AsyncPrimaryAction.onResponse(TransportReplicationAction.java:345) [elasticsearch-5.6.3.jar:5.6.3]
	at org.elasticsearch.action.support.replication.TransportReplicationAction$AsyncPrimaryAction.onResponse(TransportReplicationAction.java:270) [elasticsearch-5.6.3.jar:5.6.3]
	at org.elasticsearch.action.support.replication.TransportReplicationAction$1.onResponse(TransportReplicationAction.java:924) [elasticsearch-5.6.3.jar:5.6.3]
	at org.elasticsearch.action.support.replication.TransportReplicationAction$1.onResponse(TransportReplicationAction.java:921) [elasticsearch-5.6.3.jar:5.6.3]
	at org.elasticsearch.index.shard.IndexShardOperationsLock.acquire(IndexShardOperationsLock.java:151) [elasticsearch-5.6.3.jar:5.6.3]
	at org.elasticsearch.index.shard.IndexShard.acquirePrimaryOperationLock(IndexShard.java:1659) [elasticsearch-5.6.3.jar:5.6.3]
	at org.elasticsearch.action.support.replication.TransportReplicationAction.acquirePrimaryShardReference(TransportReplicationAction.java:933) [elasticsearch-5.6.3.jar:5.6.3]
	at org.elasticsearch.action.support.replication.TransportReplicationAction.access$500(TransportReplicationAction.java:92) [elasticsearch-5.6.3.jar:5.6.3]
	at org.elasticsearch.action.support.replication.TransportReplicationAction$AsyncPrimaryAction.doRun(TransportReplicationAction.java:291) [elasticsearch-5.6.3.jar:5.6.3]
	at org.elasticsearch.common.util.concurrent.AbstractRunnable.run(AbstractRunnable.java:37) [elasticsearch-5.6.3.jar:5.6.3]
	at org.elasticsearch.action.support.replication.TransportReplicationAction$PrimaryOperationTransportHandler.messageReceived(TransportReplicationAction.java:266) [elasticsearch-5.6.3.jar:5.6.3]
	at org.elasticsearch.action.support.replication.TransportReplicationAction$PrimaryOperationTransportHandler.messageReceived(TransportReplicationAction.java:248) [elasticsearch-5.6.3.jar:5.6.3]
	at org.elasticsearch.transport.RequestHandlerRegistry.processMessageReceived(RequestHandlerRegistry.java:69) [elasticsearch-5.6.3.jar:5.6.3]
	at org.elasticsearch.transport.TransportService$7.doRun(TransportService.java:644) [elasticsearch-5.6.3.jar:5.6.3]
	at org.elasticsearch.common.util.concurrent.ThreadContext$ContextPreservingAbstractRunnable.doRun(ThreadContext.java:638) [elasticsearch-5.6.3.jar:5.6.3]
	at org.elasticsearch.common.util.concurrent.AbstractRunnable.run(AbstractRunnable.java:37) [elasticsearch-5.6.3.jar:5.6.3]
	at java.util.concurrent.ThreadPoolExecutor.runWorker(ThreadPoolExecutor.java:1142) [?:1.8.0_101]
	at java.util.concurrent.ThreadPoolExecutor$Worker.run(ThreadPoolExecutor.java:617) [?:1.8.0_101]
	at java.lang.Thread.run(Thread.java:745) [?:1.8.0_101]
Caused by: java.lang.IllegalStateException: Can't get text on a START_OBJECT at 1:12
	at org.elasticsearch.common.xcontent.json.JsonXContentParser.text(JsonXContentParser.java:88) ~[elasticsearch-5.6.3.jar:5.6.3]
	at org.elasticsearch.common.xcontent.support.AbstractXContentParser.textOrNull(AbstractXContentParser.java:237) ~[elasticsearch-5.6.3.jar:5.6.3]
	at org.elasticsearch.index.mapper.TextFieldMapper.parseCreateField(TextFieldMapper.java:380) ~[elasticsearch-5.6.3.jar:5.6.3]
	at org.elasticsearch.index.mapper.FieldMapper.parse(FieldMapper.java:287) ~[elasticsearch-5.6.3.jar:5.6.3]
	... 36 more
[2017-10-18T15:18:15,550][DEBUG][o.e.a.b.TransportShardBulkAction] [vukpIBq] [index1][2] failed to execute bulk item (index) BulkShardRequest [[index1][2]] containing [index {[index1][tweet][920730764916023301], source[n/a, actual length: [3kb], max length: 2kb]}]
org.elasticsearch.index.mapper.MapperParsingException: failed to parse [tweets]
	at org.elasticsearch.index.mapper.FieldMapper.parse(FieldMapper.java:298) ~[elasticsearch-5.6.3.jar:5.6.3]
	at org.elasticsearch.index.mapper.DocumentParser.parseObjectOrField(DocumentParser.java:468) ~[elasticsearch-5.6.3.jar:5.6.3]
	at org.elasticsearch.index.mapper.DocumentParser.parseObject(DocumentParser.java:484) ~[elasticsearch-5.6.3.jar:5.6.3]
	at org.elasticsearch.index.mapper.DocumentParser.innerParseObject(DocumentParser.java:383) ~[elasticsearch-5.6.3.jar:5.6.3]
	at org.elasticsearch.index.mapper.DocumentParser.parseObjectOrNested(DocumentParser.java:373) ~[elasticsearch-5.6.3.jar:5.6.3]
	at org.elasticsearch.index.mapper.DocumentParser.internalParseDocument(DocumentParser.java:93) ~[elasticsearch-5.6.3.jar:5.6.3]
	at org.elasticsearch.index.mapper.DocumentParser.parseDocument(DocumentParser.java:66) ~[elasticsearch-5.6.3.jar:5.6.3]
	at org.elasticsearch.index.mapper.DocumentMapper.parse(DocumentMapper.java:277) ~[elasticsearch-5.6.3.jar:5.6.3]
	at org.elasticsearch.index.shard.IndexShard.prepareIndex(IndexShard.java:530) ~[elasticsearch-5.6.3.jar:5.6.3]
	at org.elasticsearch.index.shard.IndexShard.prepareIndexOnPrimary(IndexShard.java:507) ~[elasticsearch-5.6.3.jar:5.6.3]
	at org.elasticsearch.action.bulk.TransportShardBulkAction.prepareIndexOperationOnPrimary(TransportShardBulkAction.java:458) ~[elasticsearch-5.6.3.jar:5.6.3]
	at org.elasticsearch.action.bulk.TransportShardBulkAction.executeIndexRequestOnPrimary(TransportShardBulkAction.java:466) ~[elasticsearch-5.6.3.jar:5.6.3]
	at org.elasticsearch.action.bulk.TransportShardBulkAction.executeBulkItemRequest(TransportShardBulkAction.java:146) [elasticsearch-5.6.3.jar:5.6.3]
	at org.elasticsearch.action.bulk.TransportShardBulkAction.shardOperationOnPrimary(TransportShardBulkAction.java:115) [elasticsearch-5.6.3.jar:5.6.3]
	at org.elasticsearch.action.bulk.TransportShardBulkAction.shardOperationOnPrimary(TransportShardBulkAction.java:70) [elasticsearch-5.6.3.jar:5.6.3]
	at org.elasticsearch.action.support.replication.TransportReplicationAction$PrimaryShardReference.perform(TransportReplicationAction.java:975) [elasticsearch-5.6.3.jar:5.6.3]
	at org.elasticsearch.action.support.replication.TransportReplicationAction$PrimaryShardReference.perform(TransportReplicationAction.java:944) [elasticsearch-5.6.3.jar:5.6.3]
	at org.elasticsearch.action.support.replication.ReplicationOperation.execute(ReplicationOperation.java:113) [elasticsearch-5.6.3.jar:5.6.3]
	at org.elasticsearch.action.support.replication.TransportReplicationAction$AsyncPrimaryAction.onResponse(TransportReplicationAction.java:345) [elasticsearch-5.6.3.jar:5.6.3]
	at org.elasticsearch.action.support.replication.TransportReplicationAction$AsyncPrimaryAction.onResponse(TransportReplicationAction.java:270) [elasticsearch-5.6.3.jar:5.6.3]
	at org.elasticsearch.action.support.replication.TransportReplicationAction$1.onResponse(TransportReplicationAction.java:924) [elasticsearch-5.6.3.jar:5.6.3]
	at org.elasticsearch.action.support.replication.TransportReplicationAction$1.onResponse(TransportReplicationAction.java:921) [elasticsearch-5.6.3.jar:5.6.3]
	at org.elasticsearch.index.shard.IndexShardOperationsLock.acquire(IndexShardOperationsLock.java:151) [elasticsearch-5.6.3.jar:5.6.3]
	at org.elasticsearch.index.shard.IndexShard.acquirePrimaryOperationLock(IndexShard.java:1659) [elasticsearch-5.6.3.jar:5.6.3]
	at org.elasticsearch.action.support.replication.TransportReplicationAction.acquirePrimaryShardReference(TransportReplicationAction.java:933) [elasticsearch-5.6.3.jar:5.6.3]
	at org.elasticsearch.action.support.replication.TransportReplicationAction.access$500(TransportReplicationAction.java:92) [elasticsearch-5.6.3.jar:5.6.3]
	at org.elasticsearch.action.support.replication.TransportReplicationAction$AsyncPrimaryAction.doRun(TransportReplicationAction.java:291) [elasticsearch-5.6.3.jar:5.6.3]
	at org.elasticsearch.common.util.concurrent.AbstractRunnable.run(AbstractRunnable.java:37) [elasticsearch-5.6.3.jar:5.6.3]
	at org.elasticsearch.action.support.replication.TransportReplicationAction$PrimaryOperationTransportHandler.messageReceived(TransportReplicationAction.java:266) [elasticsearch-5.6.3.jar:5.6.3]
	at org.elasticsearch.action.support.replication.TransportReplicationAction$PrimaryOperationTransportHandler.messageReceived(TransportReplicationAction.java:248) [elasticsearch-5.6.3.jar:5.6.3]
	at org.elasticsearch.transport.RequestHandlerRegistry.processMessageReceived(RequestHandlerRegistry.java:69) [elasticsearch-5.6.3.jar:5.6.3]
	at org.elasticsearch.transport.TransportService$7.doRun(TransportService.java:644) [elasticsearch-5.6.3.jar:5.6.3]
	at org.elasticsearch.common.util.concurrent.ThreadContext$ContextPreservingAbstractRunnable.doRun(ThreadContext.java:638) [elasticsearch-5.6.3.jar:5.6.3]
	at org.elasticsearch.common.util.concurrent.AbstractRunnable.run(AbstractRunnable.java:37) [elasticsearch-5.6.3.jar:5.6.3]
	at java.util.concurrent.ThreadPoolExecutor.runWorker(ThreadPoolExecutor.java:1142) [?:1.8.0_101]
	at java.util.concurrent.ThreadPoolExecutor$Worker.run(ThreadPoolExecutor.java:617) [?:1.8.0_101]
	at java.lang.Thread.run(Thread.java:745) [?:1.8.0_101]
Caused by: java.lang.IllegalStateException: Can't get text on a START_OBJECT at 1:12
	at org.elasticsearch.common.xcontent.json.JsonXContentParser.text(JsonXContentParser.java:88) ~[elasticsearch-5.6.3.jar:5.6.3]
	at org.elasticsearch.common.xcontent.support.AbstractXContentParser.textOrNull(AbstractXContentParser.java:237) ~[elasticsearch-5.6.3.jar:5.6.3]
	at org.elasticsearch.index.mapper.TextFieldMapper.parseCreateField(TextFieldMapper.java:380) ~[elasticsearch-5.6.3.jar:5.6.3]
	at org.elasticsearch.index.mapper.FieldMapper.parse(FieldMapper.java:287) ~[elasticsearch-5.6.3.jar:5.6.3]
	... 36 more
[2017-10-18T16:10:56,169][INFO ][o.e.n.Node               ] [vukpIBq] stopping ...
[2017-10-18T16:10:56,326][INFO ][o.e.n.Node               ] [vukpIBq] stopped
[2017-10-18T16:10:56,327][INFO ][o.e.n.Node               ] [vukpIBq] closing ...
[2017-10-18T16:10:56,334][INFO ][o.e.n.Node               ] [vukpIBq] closed
