[2017-10-16T17:10:08,773][INFO ][o.e.n.Node               ] [] initializing ...
[2017-10-16T17:10:08,907][INFO ][o.e.e.NodeEnvironment    ] [vukpIBq] using [1] data paths, mounts [[/ (/dev/disk1)]], net usable_space [73.8gb], net total_space [232.5gb], spins? [unknown], types [hfs]
[2017-10-16T17:10:08,908][INFO ][o.e.e.NodeEnvironment    ] [vukpIBq] heap size [1.9gb], compressed ordinary object pointers [true]
[2017-10-16T17:10:08,909][INFO ][o.e.n.Node               ] node name [vukpIBq] derived from node ID [vukpIBqAQ4q-S6D-39n8Xg]; set [node.name] to override
[2017-10-16T17:10:08,909][INFO ][o.e.n.Node               ] version[5.6.3], pid[44597], build[1a2f265/2017-10-06T20:33:39.012Z], OS[Mac OS X/10.12.6/x86_64], JVM[Oracle Corporation/Java HotSpot(TM) 64-Bit Server VM/1.8.0_101/25.101-b13]
[2017-10-16T17:10:08,910][INFO ][o.e.n.Node               ] JVM arguments [-Xms2g, -Xmx2g, -XX:+UseConcMarkSweepGC, -XX:CMSInitiatingOccupancyFraction=75, -XX:+UseCMSInitiatingOccupancyOnly, -XX:+AlwaysPreTouch, -Xss1m, -Djava.awt.headless=true, -Dfile.encoding=UTF-8, -Djna.nosys=true, -Djdk.io.permissionsUseCanonicalPath=true, -Dio.netty.noUnsafe=true, -Dio.netty.noKeySetOptimization=true, -Dio.netty.recycler.maxCapacityPerThread=0, -Dlog4j.shutdownHookEnabled=false, -Dlog4j2.disable.jmx=true, -Dlog4j.skipJansi=true, -XX:+HeapDumpOnOutOfMemoryError, -Des.path.home=/Users/glancyrodrigues/NYU/Masters/Semester 3/Cloud/Assignments/Assignment1/elasticsearch-5.6.3]
[2017-10-16T17:10:10,056][INFO ][o.e.p.PluginsService     ] [vukpIBq] loaded module [aggs-matrix-stats]
[2017-10-16T17:10:10,056][INFO ][o.e.p.PluginsService     ] [vukpIBq] loaded module [ingest-common]
[2017-10-16T17:10:10,056][INFO ][o.e.p.PluginsService     ] [vukpIBq] loaded module [lang-expression]
[2017-10-16T17:10:10,056][INFO ][o.e.p.PluginsService     ] [vukpIBq] loaded module [lang-groovy]
[2017-10-16T17:10:10,057][INFO ][o.e.p.PluginsService     ] [vukpIBq] loaded module [lang-mustache]
[2017-10-16T17:10:10,057][INFO ][o.e.p.PluginsService     ] [vukpIBq] loaded module [lang-painless]
[2017-10-16T17:10:10,057][INFO ][o.e.p.PluginsService     ] [vukpIBq] loaded module [parent-join]
[2017-10-16T17:10:10,057][INFO ][o.e.p.PluginsService     ] [vukpIBq] loaded module [percolator]
[2017-10-16T17:10:10,057][INFO ][o.e.p.PluginsService     ] [vukpIBq] loaded module [reindex]
[2017-10-16T17:10:10,057][INFO ][o.e.p.PluginsService     ] [vukpIBq] loaded module [transport-netty3]
[2017-10-16T17:10:10,057][INFO ][o.e.p.PluginsService     ] [vukpIBq] loaded module [transport-netty4]
[2017-10-16T17:10:10,058][INFO ][o.e.p.PluginsService     ] [vukpIBq] no plugins loaded
[2017-10-16T17:10:11,559][INFO ][o.e.d.DiscoveryModule    ] [vukpIBq] using discovery type [zen]
[2017-10-16T17:10:12,125][INFO ][o.e.n.Node               ] initialized
[2017-10-16T17:10:12,126][INFO ][o.e.n.Node               ] [vukpIBq] starting ...
[2017-10-16T17:10:12,449][INFO ][o.e.t.TransportService   ] [vukpIBq] publish_address {127.0.0.1:9300}, bound_addresses {[fe80::1]:9300}, {[::1]:9300}, {127.0.0.1:9300}
[2017-10-16T17:10:15,519][INFO ][o.e.c.s.ClusterService   ] [vukpIBq] new_master {vukpIBq}{vukpIBqAQ4q-S6D-39n8Xg}{IgrfQc72RiSY35oQXYDT4g}{127.0.0.1}{127.0.0.1:9300}, reason: zen-disco-elected-as-master ([0] nodes joined)
[2017-10-16T17:10:15,540][INFO ][o.e.h.n.Netty4HttpServerTransport] [vukpIBq] publish_address {127.0.0.1:9200}, bound_addresses {[fe80::1]:9200}, {[::1]:9200}, {127.0.0.1:9200}
[2017-10-16T17:10:15,541][INFO ][o.e.n.Node               ] [vukpIBq] started
[2017-10-16T17:10:15,546][INFO ][o.e.g.GatewayService     ] [vukpIBq] recovered [0] indices into cluster_state
[2017-10-16T17:11:24,829][INFO ][o.e.n.Node               ] [vukpIBq] stopping ...
[2017-10-16T17:11:24,843][INFO ][o.e.n.Node               ] [vukpIBq] stopped
[2017-10-16T17:11:24,843][INFO ][o.e.n.Node               ] [vukpIBq] closing ...
[2017-10-16T17:11:24,852][INFO ][o.e.n.Node               ] [vukpIBq] closed
[2017-10-16T17:11:31,757][INFO ][o.e.n.Node               ] [] initializing ...
[2017-10-16T17:11:31,846][INFO ][o.e.e.NodeEnvironment    ] [vukpIBq] using [1] data paths, mounts [[/ (/dev/disk1)]], net usable_space [73.8gb], net total_space [232.5gb], spins? [unknown], types [hfs]
[2017-10-16T17:11:31,846][INFO ][o.e.e.NodeEnvironment    ] [vukpIBq] heap size [1.9gb], compressed ordinary object pointers [true]
[2017-10-16T17:11:31,847][INFO ][o.e.n.Node               ] node name [vukpIBq] derived from node ID [vukpIBqAQ4q-S6D-39n8Xg]; set [node.name] to override
[2017-10-16T17:11:31,848][INFO ][o.e.n.Node               ] version[5.6.3], pid[44616], build[1a2f265/2017-10-06T20:33:39.012Z], OS[Mac OS X/10.12.6/x86_64], JVM[Oracle Corporation/Java HotSpot(TM) 64-Bit Server VM/1.8.0_101/25.101-b13]
[2017-10-16T17:11:31,848][INFO ][o.e.n.Node               ] JVM arguments [-Xms2g, -Xmx2g, -XX:+UseConcMarkSweepGC, -XX:CMSInitiatingOccupancyFraction=75, -XX:+UseCMSInitiatingOccupancyOnly, -XX:+AlwaysPreTouch, -Xss1m, -Djava.awt.headless=true, -Dfile.encoding=UTF-8, -Djna.nosys=true, -Djdk.io.permissionsUseCanonicalPath=true, -Dio.netty.noUnsafe=true, -Dio.netty.noKeySetOptimization=true, -Dio.netty.recycler.maxCapacityPerThread=0, -Dlog4j.shutdownHookEnabled=false, -Dlog4j2.disable.jmx=true, -Dlog4j.skipJansi=true, -XX:+HeapDumpOnOutOfMemoryError, -Des.path.home=/Users/glancyrodrigues/NYU/Masters/Semester 3/Cloud/Assignments/Assignment1/elasticsearch-5.6.3]
[2017-10-16T17:11:32,668][INFO ][o.e.p.PluginsService     ] [vukpIBq] loaded module [aggs-matrix-stats]
[2017-10-16T17:11:32,669][INFO ][o.e.p.PluginsService     ] [vukpIBq] loaded module [ingest-common]
[2017-10-16T17:11:32,669][INFO ][o.e.p.PluginsService     ] [vukpIBq] loaded module [lang-expression]
[2017-10-16T17:11:32,669][INFO ][o.e.p.PluginsService     ] [vukpIBq] loaded module [lang-groovy]
[2017-10-16T17:11:32,669][INFO ][o.e.p.PluginsService     ] [vukpIBq] loaded module [lang-mustache]
[2017-10-16T17:11:32,669][INFO ][o.e.p.PluginsService     ] [vukpIBq] loaded module [lang-painless]
[2017-10-16T17:11:32,670][INFO ][o.e.p.PluginsService     ] [vukpIBq] loaded module [parent-join]
[2017-10-16T17:11:32,670][INFO ][o.e.p.PluginsService     ] [vukpIBq] loaded module [percolator]
[2017-10-16T17:11:32,670][INFO ][o.e.p.PluginsService     ] [vukpIBq] loaded module [reindex]
[2017-10-16T17:11:32,670][INFO ][o.e.p.PluginsService     ] [vukpIBq] loaded module [transport-netty3]
[2017-10-16T17:11:32,670][INFO ][o.e.p.PluginsService     ] [vukpIBq] loaded module [transport-netty4]
[2017-10-16T17:11:32,671][INFO ][o.e.p.PluginsService     ] [vukpIBq] no plugins loaded
[2017-10-16T17:11:33,877][INFO ][o.e.d.DiscoveryModule    ] [vukpIBq] using discovery type [zen]
[2017-10-16T17:11:34,360][INFO ][o.e.n.Node               ] initialized
[2017-10-16T17:11:34,360][INFO ][o.e.n.Node               ] [vukpIBq] starting ...
[2017-10-16T17:11:34,581][INFO ][o.e.t.TransportService   ] [vukpIBq] publish_address {127.0.0.1:9300}, bound_addresses {[fe80::1]:9300}, {[::1]:9300}, {127.0.0.1:9300}
[2017-10-16T17:11:37,647][INFO ][o.e.c.s.ClusterService   ] [vukpIBq] new_master {vukpIBq}{vukpIBqAQ4q-S6D-39n8Xg}{_2hBYGcnTk-XABreALiQDg}{127.0.0.1}{127.0.0.1:9300}, reason: zen-disco-elected-as-master ([0] nodes joined)
[2017-10-16T17:11:37,675][INFO ][o.e.g.GatewayService     ] [vukpIBq] recovered [0] indices into cluster_state
[2017-10-16T17:11:37,682][INFO ][o.e.h.n.Netty4HttpServerTransport] [vukpIBq] publish_address {127.0.0.1:9200}, bound_addresses {[fe80::1]:9200}, {[::1]:9200}, {127.0.0.1:9200}
[2017-10-16T17:11:37,682][INFO ][o.e.n.Node               ] [vukpIBq] started
[2017-10-16T17:12:46,261][INFO ][o.e.c.m.MetaDataCreateIndexService] [vukpIBq] [idx_twp] creating index, cause [auto(bulk api)], templates [], shards [5]/[1], mappings []
[2017-10-16T17:12:46,572][INFO ][o.e.c.m.MetaDataMappingService] [vukpIBq] [idx_twp/0sKx-U6XQJuML1LDmVWdRw] create_mapping [twitter_twp]
[2017-10-16T17:34:32,888][INFO ][o.e.c.m.MetaDataCreateIndexService] [vukpIBq] [index_name] creating index, cause [auto(bulk api)], templates [], shards [5]/[1], mappings []
[2017-10-16T17:34:33,060][INFO ][o.e.c.m.MetaDataMappingService] [vukpIBq] [index_name/DH_e3sAOSeehgl9cX8__Ow] create_mapping [tweet]
[2017-10-16T17:37:52,394][INFO ][o.e.c.m.MetaDataMappingService] [vukpIBq] [idx_twp/0sKx-U6XQJuML1LDmVWdRw] create_mapping [tweet]
[2017-10-16T17:52:39,323][INFO ][o.e.c.m.MetaDataCreateIndexService] [vukpIBq] [index] creating index, cause [auto(bulk api)], templates [], shards [5]/[1], mappings []
[2017-10-16T17:52:39,398][INFO ][o.e.c.m.MetaDataMappingService] [vukpIBq] [index/Q5ENYvyKQcKxDtZQOlTnYA] create_mapping [tweet]
[2017-10-16T18:05:34,065][INFO ][o.e.n.Node               ] [vukpIBq] stopping ...
[2017-10-16T18:05:34,120][INFO ][o.e.n.Node               ] [vukpIBq] stopped
[2017-10-16T18:05:34,120][INFO ][o.e.n.Node               ] [vukpIBq] closing ...
[2017-10-16T18:05:34,134][INFO ][o.e.n.Node               ] [vukpIBq] closed
