[2017-12-11T15:32:58,338][INFO ][o.e.n.Node               ] [] initializing ...
[2017-12-11T15:32:58,445][INFO ][o.e.e.NodeEnvironment    ] [vukpIBq] using [1] data paths, mounts [[/ (/dev/disk1s1)]], net usable_space [77.6gb], net total_space [233.4gb], spins? [unknown], types [apfs]
[2017-12-11T15:32:58,445][INFO ][o.e.e.NodeEnvironment    ] [vukpIBq] heap size [1.9gb], compressed ordinary object pointers [true]
[2017-12-11T15:32:58,508][INFO ][o.e.n.Node               ] node name [vukpIBq] derived from node ID [vukpIBqAQ4q-S6D-39n8Xg]; set [node.name] to override
[2017-12-11T15:32:58,508][INFO ][o.e.n.Node               ] version[5.6.3], pid[6213], build[1a2f265/2017-10-06T20:33:39.012Z], OS[Mac OS X/10.13.1/x86_64], JVM[Oracle Corporation/Java HotSpot(TM) 64-Bit Server VM/1.8.0_101/25.101-b13]
[2017-12-11T15:32:58,509][INFO ][o.e.n.Node               ] JVM arguments [-Xms2g, -Xmx2g, -XX:+UseConcMarkSweepGC, -XX:CMSInitiatingOccupancyFraction=75, -XX:+UseCMSInitiatingOccupancyOnly, -XX:+AlwaysPreTouch, -Xss1m, -Djava.awt.headless=true, -Dfile.encoding=UTF-8, -Djna.nosys=true, -Djdk.io.permissionsUseCanonicalPath=true, -Dio.netty.noUnsafe=true, -Dio.netty.noKeySetOptimization=true, -Dio.netty.recycler.maxCapacityPerThread=0, -Dlog4j.shutdownHookEnabled=false, -Dlog4j2.disable.jmx=true, -Dlog4j.skipJansi=true, -XX:+HeapDumpOnOutOfMemoryError, -Des.path.home=/Users/glancyrodrigues/NYU/Masters/Semester 3/Cloud/Assignments/Assignment1/elasticsearch-5.6.3]
[2017-12-11T15:32:59,447][INFO ][o.e.p.PluginsService     ] [vukpIBq] loaded module [aggs-matrix-stats]
[2017-12-11T15:32:59,447][INFO ][o.e.p.PluginsService     ] [vukpIBq] loaded module [ingest-common]
[2017-12-11T15:32:59,448][INFO ][o.e.p.PluginsService     ] [vukpIBq] loaded module [lang-expression]
[2017-12-11T15:32:59,448][INFO ][o.e.p.PluginsService     ] [vukpIBq] loaded module [lang-groovy]
[2017-12-11T15:32:59,448][INFO ][o.e.p.PluginsService     ] [vukpIBq] loaded module [lang-mustache]
[2017-12-11T15:32:59,448][INFO ][o.e.p.PluginsService     ] [vukpIBq] loaded module [lang-painless]
[2017-12-11T15:32:59,449][INFO ][o.e.p.PluginsService     ] [vukpIBq] loaded module [parent-join]
[2017-12-11T15:32:59,449][INFO ][o.e.p.PluginsService     ] [vukpIBq] loaded module [percolator]
[2017-12-11T15:32:59,449][INFO ][o.e.p.PluginsService     ] [vukpIBq] loaded module [reindex]
[2017-12-11T15:32:59,450][INFO ][o.e.p.PluginsService     ] [vukpIBq] loaded module [transport-netty3]
[2017-12-11T15:32:59,450][INFO ][o.e.p.PluginsService     ] [vukpIBq] loaded module [transport-netty4]
[2017-12-11T15:32:59,450][INFO ][o.e.p.PluginsService     ] [vukpIBq] no plugins loaded
[2017-12-11T15:33:01,498][INFO ][o.e.d.DiscoveryModule    ] [vukpIBq] using discovery type [zen]
[2017-12-11T15:33:02,387][INFO ][o.e.n.Node               ] initialized
[2017-12-11T15:33:02,387][INFO ][o.e.n.Node               ] [vukpIBq] starting ...
[2017-12-11T15:33:02,683][INFO ][o.e.t.TransportService   ] [vukpIBq] publish_address {127.0.0.1:9300}, bound_addresses {[fe80::1]:9300}, {[::1]:9300}, {127.0.0.1:9300}
[2017-12-11T15:33:05,757][INFO ][o.e.c.s.ClusterService   ] [vukpIBq] new_master {vukpIBq}{vukpIBqAQ4q-S6D-39n8Xg}{lOsb7-QTT8W4_sfxkFCISw}{127.0.0.1}{127.0.0.1:9300}, reason: zen-disco-elected-as-master ([0] nodes joined)
[2017-12-11T15:33:05,793][INFO ][o.e.h.n.Netty4HttpServerTransport] [vukpIBq] publish_address {127.0.0.1:9200}, bound_addresses {[fe80::1]:9200}, {[::1]:9200}, {127.0.0.1:9200}
[2017-12-11T15:33:05,794][INFO ][o.e.n.Node               ] [vukpIBq] started
[2017-12-11T15:33:06,041][INFO ][o.e.g.GatewayService     ] [vukpIBq] recovered [4] indices into cluster_state
[2017-12-11T15:33:07,227][INFO ][o.e.c.r.a.AllocationService] [vukpIBq] Cluster health status changed from [RED] to [YELLOW] (reason: [shards started [[idx_twp][3], [idx_twp][2]] ...]).
[2017-12-11T15:33:22,025][INFO ][o.e.c.m.MetaDataCreateIndexService] [vukpIBq] [index2] creating index, cause [auto(bulk api)], templates [], shards [5]/[1], mappings []
[2017-12-11T15:33:22,142][INFO ][o.e.c.m.MetaDataMappingService] [vukpIBq] [index2/o4LiRCRETwW2N4FnC8ANhw] create_mapping [Human]
[2017-12-11T15:33:27,717][INFO ][o.e.c.m.MetaDataMappingService] [vukpIBq] [index2/o4LiRCRETwW2N4FnC8ANhw] create_mapping [People]
[2017-12-11T15:33:29,551][INFO ][o.e.c.m.MetaDataMappingService] [vukpIBq] [index2/o4LiRCRETwW2N4FnC8ANhw] create_mapping [Person]
[2017-12-11T15:33:31,095][INFO ][o.e.c.m.MetaDataMappingService] [vukpIBq] [index2/o4LiRCRETwW2N4FnC8ANhw] create_mapping [Ear]
[2017-12-11T15:33:33,473][INFO ][o.e.c.m.MetaDataMappingService] [vukpIBq] [index2/o4LiRCRETwW2N4FnC8ANhw] create_mapping [HAPPY]
[2017-12-11T15:33:34,904][INFO ][o.e.c.m.MetaDataMappingService] [vukpIBq] [index2/o4LiRCRETwW2N4FnC8ANhw] create_mapping [CONFUSED]
[2017-12-11T15:33:36,406][INFO ][o.e.c.m.MetaDataMappingService] [vukpIBq] [index2/o4LiRCRETwW2N4FnC8ANhw] create_mapping [SAD]
[2017-12-11T15:33:37,688][INFO ][o.e.c.m.MetaDataMappingService] [vukpIBq] [index2/o4LiRCRETwW2N4FnC8ANhw] create_mapping [SURPRISED]
[2017-12-11T15:38:19,143][INFO ][o.e.c.m.MetaDataMappingService] [vukpIBq] [index2/o4LiRCRETwW2N4FnC8ANhw] create_mapping [CALM]
[2017-12-11T15:38:31,364][INFO ][o.e.c.m.MetaDataMappingService] [vukpIBq] [index2/o4LiRCRETwW2N4FnC8ANhw] create_mapping [ANGRY]
[2017-12-11T16:24:52,004][INFO ][o.e.c.m.MetaDataMappingService] [vukpIBq] [index2/o4LiRCRETwW2N4FnC8ANhw] create_mapping [Baby]
[2017-12-11T16:24:54,184][INFO ][o.e.c.m.MetaDataMappingService] [vukpIBq] [index2/o4LiRCRETwW2N4FnC8ANhw] create_mapping [Child]
[2017-12-11T16:24:57,647][INFO ][o.e.c.m.MetaDataMappingService] [vukpIBq] [index2/o4LiRCRETwW2N4FnC8ANhw] create_mapping [Kid]
[2017-12-11T16:24:58,889][INFO ][o.e.c.m.MetaDataMappingService] [vukpIBq] [index2/o4LiRCRETwW2N4FnC8ANhw] create_mapping [Newborn]
[2017-12-11T20:58:18,606][INFO ][o.e.c.m.MetaDataMappingService] [vukpIBq] [index1/g0slV7iZQCeG4wSDXX4D3w] update_mapping [tweet]
[2017-12-11T20:59:13,155][INFO ][o.e.c.m.MetaDataCreateIndexService] [vukpIBq] [id1] creating index, cause [auto(bulk api)], templates [], shards [5]/[1], mappings []
[2017-12-11T20:59:13,222][INFO ][o.e.c.m.MetaDataMappingService] [vukpIBq] [id1/AFc8no3YTQm2dD1T2lUI4Q] create_mapping [hash]
[2017-12-11T21:03:44,673][INFO ][o.e.c.m.MetaDataMappingService] [vukpIBq] [id1/AFc8no3YTQm2dD1T2lUI4Q] update_mapping [hash]
[2017-12-11T21:03:44,694][INFO ][o.e.c.m.MetaDataDeleteIndexService] [vukpIBq] [id1/AFc8no3YTQm2dD1T2lUI4Q] deleting index
[2017-12-11T21:04:23,856][INFO ][o.e.c.m.MetaDataCreateIndexService] [vukpIBq] [id1] creating index, cause [auto(bulk api)], templates [], shards [5]/[1], mappings []
[2017-12-11T21:04:23,910][INFO ][o.e.c.m.MetaDataMappingService] [vukpIBq] [id1/EO8o2-Z8TFqvsXXtx_5PkA] create_mapping [hash]
[2017-12-11T21:04:23,932][INFO ][o.e.c.m.MetaDataDeleteIndexService] [vukpIBq] [id1/EO8o2-Z8TFqvsXXtx_5PkA] deleting index
[2017-12-11T21:06:23,505][INFO ][o.e.c.m.MetaDataCreateIndexService] [vukpIBq] [id1] creating index, cause [auto(bulk api)], templates [], shards [5]/[1], mappings []
[2017-12-11T21:06:23,572][INFO ][o.e.c.m.MetaDataMappingService] [vukpIBq] [id1/urhLdk6wRZOXbVaJCduxlQ] create_mapping [hash]
[2017-12-11T21:41:06,429][INFO ][o.e.n.Node               ] [vukpIBq] stopping ...
[2017-12-11T21:41:06,486][INFO ][o.e.n.Node               ] [vukpIBq] stopped
[2017-12-11T21:41:06,486][INFO ][o.e.n.Node               ] [vukpIBq] closing ...
[2017-12-11T21:41:06,504][INFO ][o.e.n.Node               ] [vukpIBq] closed
