[2017-10-20T11:13:26,360][INFO ][o.e.n.Node               ] [] initializing ...
[2017-10-20T11:13:26,476][INFO ][o.e.e.NodeEnvironment    ] [vukpIBq] using [1] data paths, mounts [[/ (/dev/disk1)]], net usable_space [76.4gb], net total_space [232.5gb], spins? [unknown], types [hfs]
[2017-10-20T11:13:26,476][INFO ][o.e.e.NodeEnvironment    ] [vukpIBq] heap size [1.9gb], compressed ordinary object pointers [true]
[2017-10-20T11:13:26,530][INFO ][o.e.n.Node               ] node name [vukpIBq] derived from node ID [vukpIBqAQ4q-S6D-39n8Xg]; set [node.name] to override
[2017-10-20T11:13:26,530][INFO ][o.e.n.Node               ] version[5.6.3], pid[49688], build[1a2f265/2017-10-06T20:33:39.012Z], OS[Mac OS X/10.12.6/x86_64], JVM[Oracle Corporation/Java HotSpot(TM) 64-Bit Server VM/1.8.0_101/25.101-b13]
[2017-10-20T11:13:26,530][INFO ][o.e.n.Node               ] JVM arguments [-Xms2g, -Xmx2g, -XX:+UseConcMarkSweepGC, -XX:CMSInitiatingOccupancyFraction=75, -XX:+UseCMSInitiatingOccupancyOnly, -XX:+AlwaysPreTouch, -Xss1m, -Djava.awt.headless=true, -Dfile.encoding=UTF-8, -Djna.nosys=true, -Djdk.io.permissionsUseCanonicalPath=true, -Dio.netty.noUnsafe=true, -Dio.netty.noKeySetOptimization=true, -Dio.netty.recycler.maxCapacityPerThread=0, -Dlog4j.shutdownHookEnabled=false, -Dlog4j2.disable.jmx=true, -Dlog4j.skipJansi=true, -XX:+HeapDumpOnOutOfMemoryError, -Des.path.home=/Users/glancyrodrigues/NYU/Masters/Semester 3/Cloud/Assignments/Assignment1/elasticsearch-5.6.3]
[2017-10-20T11:13:27,473][INFO ][o.e.p.PluginsService     ] [vukpIBq] loaded module [aggs-matrix-stats]
[2017-10-20T11:13:27,474][INFO ][o.e.p.PluginsService     ] [vukpIBq] loaded module [ingest-common]
[2017-10-20T11:13:27,474][INFO ][o.e.p.PluginsService     ] [vukpIBq] loaded module [lang-expression]
[2017-10-20T11:13:27,474][INFO ][o.e.p.PluginsService     ] [vukpIBq] loaded module [lang-groovy]
[2017-10-20T11:13:27,474][INFO ][o.e.p.PluginsService     ] [vukpIBq] loaded module [lang-mustache]
[2017-10-20T11:13:27,474][INFO ][o.e.p.PluginsService     ] [vukpIBq] loaded module [lang-painless]
[2017-10-20T11:13:27,474][INFO ][o.e.p.PluginsService     ] [vukpIBq] loaded module [parent-join]
[2017-10-20T11:13:27,474][INFO ][o.e.p.PluginsService     ] [vukpIBq] loaded module [percolator]
[2017-10-20T11:13:27,474][INFO ][o.e.p.PluginsService     ] [vukpIBq] loaded module [reindex]
[2017-10-20T11:13:27,474][INFO ][o.e.p.PluginsService     ] [vukpIBq] loaded module [transport-netty3]
[2017-10-20T11:13:27,474][INFO ][o.e.p.PluginsService     ] [vukpIBq] loaded module [transport-netty4]
[2017-10-20T11:13:27,475][INFO ][o.e.p.PluginsService     ] [vukpIBq] no plugins loaded
[2017-10-20T11:13:28,928][INFO ][o.e.d.DiscoveryModule    ] [vukpIBq] using discovery type [zen]
[2017-10-20T11:13:29,572][INFO ][o.e.n.Node               ] initialized
[2017-10-20T11:13:29,572][INFO ][o.e.n.Node               ] [vukpIBq] starting ...
[2017-10-20T11:13:34,881][INFO ][o.e.t.TransportService   ] [vukpIBq] publish_address {127.0.0.1:9300}, bound_addresses {[fe80::1]:9300}, {[::1]:9300}, {127.0.0.1:9300}
[2017-10-20T11:13:37,953][INFO ][o.e.c.s.ClusterService   ] [vukpIBq] new_master {vukpIBq}{vukpIBqAQ4q-S6D-39n8Xg}{ujL6_J9HQqCXQJimQHaoDQ}{127.0.0.1}{127.0.0.1:9300}, reason: zen-disco-elected-as-master ([0] nodes joined)
[2017-10-20T11:13:37,977][INFO ][o.e.h.n.Netty4HttpServerTransport] [vukpIBq] publish_address {127.0.0.1:9200}, bound_addresses {[fe80::1]:9200}, {[::1]:9200}, {127.0.0.1:9200}
[2017-10-20T11:13:37,977][INFO ][o.e.n.Node               ] [vukpIBq] started
[2017-10-20T11:13:38,160][INFO ][o.e.g.GatewayService     ] [vukpIBq] recovered [4] indices into cluster_state
[2017-10-20T11:13:38,787][INFO ][o.e.c.r.a.AllocationService] [vukpIBq] Cluster health status changed from [RED] to [YELLOW] (reason: [shards started [[idx_twp][2]] ...]).
[2017-10-20T13:38:33,130][DEBUG][o.e.a.b.TransportShardBulkAction] [vukpIBq] [index1][3] failed to execute bulk item (index) BulkShardRequest [[index1][3]] containing [index {[index1][tweet][921430449314025472], source[n/a, actual length: [2.5kb], max length: 2kb]}]
org.elasticsearch.index.mapper.MapperParsingException: failed to parse [tweets]
	at org.elasticsearch.index.mapper.FieldMapper.parse(FieldMapper.java:298) ~[elasticsearch-5.6.3.jar:5.6.3]
	at org.elasticsearch.index.mapper.DocumentParser.parseObjectOrField(DocumentParser.java:468) ~[elasticsearch-5.6.3.jar:5.6.3]
	at org.elasticsearch.index.mapper.DocumentParser.parseObject(DocumentParser.java:484) ~[elasticsearch-5.6.3.jar:5.6.3]
	at org.elasticsearch.index.mapper.DocumentParser.innerParseObject(DocumentParser.java:383) ~[elasticsearch-5.6.3.jar:5.6.3]
	at org.elasticsearch.index.mapper.DocumentParser.parseObjectOrNested(DocumentParser.java:373) ~[elasticsearch-5.6.3.jar:5.6.3]
	at org.elasticsearch.index.mapper.DocumentParser.internalParseDocument(DocumentParser.java:93) ~[elasticsearch-5.6.3.jar:5.6.3]
	at org.elasticsearch.index.mapper.DocumentParser.parseDocument(DocumentParser.java:66) ~[elasticsearch-5.6.3.jar:5.6.3]
	at org.elasticsearch.index.mapper.DocumentMapper.parse(DocumentMapper.java:277) ~[elasticsearch-5.6.3.jar:5.6.3]
	at org.elasticsearch.index.shard.IndexShard.prepareIndex(IndexShard.java:530) ~[elasticsearch-5.6.3.jar:5.6.3]
	at org.elasticsearch.index.shard.IndexShard.prepareIndexOnPrimary(IndexShard.java:507) ~[elasticsearch-5.6.3.jar:5.6.3]
	at org.elasticsearch.action.bulk.TransportShardBulkAction.prepareIndexOperationOnPrimary(TransportShardBulkAction.java:458) ~[elasticsearch-5.6.3.jar:5.6.3]
	at org.elasticsearch.action.bulk.TransportShardBulkAction.executeIndexRequestOnPrimary(TransportShardBulkAction.java:466) ~[elasticsearch-5.6.3.jar:5.6.3]
	at org.elasticsearch.action.bulk.TransportShardBulkAction.executeBulkItemRequest(TransportShardBulkAction.java:146) [elasticsearch-5.6.3.jar:5.6.3]
	at org.elasticsearch.action.bulk.TransportShardBulkAction.shardOperationOnPrimary(TransportShardBulkAction.java:115) [elasticsearch-5.6.3.jar:5.6.3]
	at org.elasticsearch.action.bulk.TransportShardBulkAction.shardOperationOnPrimary(TransportShardBulkAction.java:70) [elasticsearch-5.6.3.jar:5.6.3]
	at org.elasticsearch.action.support.replication.TransportReplicationAction$PrimaryShardReference.perform(TransportReplicationAction.java:975) [elasticsearch-5.6.3.jar:5.6.3]
	at org.elasticsearch.action.support.replication.TransportReplicationAction$PrimaryShardReference.perform(TransportReplicationAction.java:944) [elasticsearch-5.6.3.jar:5.6.3]
	at org.elasticsearch.action.support.replication.ReplicationOperation.execute(ReplicationOperation.java:113) [elasticsearch-5.6.3.jar:5.6.3]
	at org.elasticsearch.action.support.replication.TransportReplicationAction$AsyncPrimaryAction.onResponse(TransportReplicationAction.java:345) [elasticsearch-5.6.3.jar:5.6.3]
	at org.elasticsearch.action.support.replication.TransportReplicationAction$AsyncPrimaryAction.onResponse(TransportReplicationAction.java:270) [elasticsearch-5.6.3.jar:5.6.3]
	at org.elasticsearch.action.support.replication.TransportReplicationAction$1.onResponse(TransportReplicationAction.java:924) [elasticsearch-5.6.3.jar:5.6.3]
	at org.elasticsearch.action.support.replication.TransportReplicationAction$1.onResponse(TransportReplicationAction.java:921) [elasticsearch-5.6.3.jar:5.6.3]
	at org.elasticsearch.index.shard.IndexShardOperationsLock.acquire(IndexShardOperationsLock.java:151) [elasticsearch-5.6.3.jar:5.6.3]
	at org.elasticsearch.index.shard.IndexShard.acquirePrimaryOperationLock(IndexShard.java:1659) [elasticsearch-5.6.3.jar:5.6.3]
	at org.elasticsearch.action.support.replication.TransportReplicationAction.acquirePrimaryShardReference(TransportReplicationAction.java:933) [elasticsearch-5.6.3.jar:5.6.3]
	at org.elasticsearch.action.support.replication.TransportReplicationAction.access$500(TransportReplicationAction.java:92) [elasticsearch-5.6.3.jar:5.6.3]
	at org.elasticsearch.action.support.replication.TransportReplicationAction$AsyncPrimaryAction.doRun(TransportReplicationAction.java:291) [elasticsearch-5.6.3.jar:5.6.3]
	at org.elasticsearch.common.util.concurrent.AbstractRunnable.run(AbstractRunnable.java:37) [elasticsearch-5.6.3.jar:5.6.3]
	at org.elasticsearch.action.support.replication.TransportReplicationAction$PrimaryOperationTransportHandler.messageReceived(TransportReplicationAction.java:266) [elasticsearch-5.6.3.jar:5.6.3]
	at org.elasticsearch.action.support.replication.TransportReplicationAction$PrimaryOperationTransportHandler.messageReceived(TransportReplicationAction.java:248) [elasticsearch-5.6.3.jar:5.6.3]
	at org.elasticsearch.transport.RequestHandlerRegistry.processMessageReceived(RequestHandlerRegistry.java:69) [elasticsearch-5.6.3.jar:5.6.3]
	at org.elasticsearch.transport.TransportService$7.doRun(TransportService.java:644) [elasticsearch-5.6.3.jar:5.6.3]
	at org.elasticsearch.common.util.concurrent.ThreadContext$ContextPreservingAbstractRunnable.doRun(ThreadContext.java:638) [elasticsearch-5.6.3.jar:5.6.3]
	at org.elasticsearch.common.util.concurrent.AbstractRunnable.run(AbstractRunnable.java:37) [elasticsearch-5.6.3.jar:5.6.3]
	at java.util.concurrent.ThreadPoolExecutor.runWorker(ThreadPoolExecutor.java:1142) [?:1.8.0_101]
	at java.util.concurrent.ThreadPoolExecutor$Worker.run(ThreadPoolExecutor.java:617) [?:1.8.0_101]
	at java.lang.Thread.run(Thread.java:745) [?:1.8.0_101]
Caused by: java.lang.IllegalStateException: Can't get text on a START_OBJECT at 1:12
	at org.elasticsearch.common.xcontent.json.JsonXContentParser.text(JsonXContentParser.java:88) ~[elasticsearch-5.6.3.jar:5.6.3]
	at org.elasticsearch.common.xcontent.support.AbstractXContentParser.textOrNull(AbstractXContentParser.java:237) ~[elasticsearch-5.6.3.jar:5.6.3]
	at org.elasticsearch.index.mapper.TextFieldMapper.parseCreateField(TextFieldMapper.java:380) ~[elasticsearch-5.6.3.jar:5.6.3]
	at org.elasticsearch.index.mapper.FieldMapper.parse(FieldMapper.java:287) ~[elasticsearch-5.6.3.jar:5.6.3]
	... 36 more
[2017-10-20T14:01:49,825][INFO ][o.e.n.Node               ] [vukpIBq] stopping ...
[2017-10-20T14:01:49,943][INFO ][o.e.n.Node               ] [vukpIBq] stopped
[2017-10-20T14:01:49,944][INFO ][o.e.n.Node               ] [vukpIBq] closing ...
[2017-10-20T14:01:49,952][INFO ][o.e.n.Node               ] [vukpIBq] closed
[2017-10-20T14:01:53,448][INFO ][o.e.n.Node               ] [] initializing ...
[2017-10-20T14:01:53,540][INFO ][o.e.e.NodeEnvironment    ] [vukpIBq] using [1] data paths, mounts [[/ (/dev/disk1)]], net usable_space [76.6gb], net total_space [232.5gb], spins? [unknown], types [hfs]
[2017-10-20T14:01:53,541][INFO ][o.e.e.NodeEnvironment    ] [vukpIBq] heap size [1.9gb], compressed ordinary object pointers [true]
[2017-10-20T14:01:53,584][INFO ][o.e.n.Node               ] node name [vukpIBq] derived from node ID [vukpIBqAQ4q-S6D-39n8Xg]; set [node.name] to override
[2017-10-20T14:01:53,584][INFO ][o.e.n.Node               ] version[5.6.3], pid[49990], build[1a2f265/2017-10-06T20:33:39.012Z], OS[Mac OS X/10.12.6/x86_64], JVM[Oracle Corporation/Java HotSpot(TM) 64-Bit Server VM/1.8.0_101/25.101-b13]
[2017-10-20T14:01:53,584][INFO ][o.e.n.Node               ] JVM arguments [-Xms2g, -Xmx2g, -XX:+UseConcMarkSweepGC, -XX:CMSInitiatingOccupancyFraction=75, -XX:+UseCMSInitiatingOccupancyOnly, -XX:+AlwaysPreTouch, -Xss1m, -Djava.awt.headless=true, -Dfile.encoding=UTF-8, -Djna.nosys=true, -Djdk.io.permissionsUseCanonicalPath=true, -Dio.netty.noUnsafe=true, -Dio.netty.noKeySetOptimization=true, -Dio.netty.recycler.maxCapacityPerThread=0, -Dlog4j.shutdownHookEnabled=false, -Dlog4j2.disable.jmx=true, -Dlog4j.skipJansi=true, -XX:+HeapDumpOnOutOfMemoryError, -Des.path.home=/Users/glancyrodrigues/NYU/Masters/Semester 3/Cloud/Assignments/Assignment1/elasticsearch-5.6.3]
[2017-10-20T14:01:54,422][INFO ][o.e.p.PluginsService     ] [vukpIBq] loaded module [aggs-matrix-stats]
[2017-10-20T14:01:54,422][INFO ][o.e.p.PluginsService     ] [vukpIBq] loaded module [ingest-common]
[2017-10-20T14:01:54,422][INFO ][o.e.p.PluginsService     ] [vukpIBq] loaded module [lang-expression]
[2017-10-20T14:01:54,423][INFO ][o.e.p.PluginsService     ] [vukpIBq] loaded module [lang-groovy]
[2017-10-20T14:01:54,423][INFO ][o.e.p.PluginsService     ] [vukpIBq] loaded module [lang-mustache]
[2017-10-20T14:01:54,423][INFO ][o.e.p.PluginsService     ] [vukpIBq] loaded module [lang-painless]
[2017-10-20T14:01:54,423][INFO ][o.e.p.PluginsService     ] [vukpIBq] loaded module [parent-join]
[2017-10-20T14:01:54,423][INFO ][o.e.p.PluginsService     ] [vukpIBq] loaded module [percolator]
[2017-10-20T14:01:54,423][INFO ][o.e.p.PluginsService     ] [vukpIBq] loaded module [reindex]
[2017-10-20T14:01:54,424][INFO ][o.e.p.PluginsService     ] [vukpIBq] loaded module [transport-netty3]
[2017-10-20T14:01:54,424][INFO ][o.e.p.PluginsService     ] [vukpIBq] loaded module [transport-netty4]
[2017-10-20T14:01:54,424][INFO ][o.e.p.PluginsService     ] [vukpIBq] no plugins loaded
[2017-10-20T14:01:55,641][INFO ][o.e.d.DiscoveryModule    ] [vukpIBq] using discovery type [zen]
[2017-10-20T14:01:56,278][INFO ][o.e.n.Node               ] initialized
[2017-10-20T14:01:56,279][INFO ][o.e.n.Node               ] [vukpIBq] starting ...
[2017-10-20T14:01:56,457][INFO ][o.e.t.TransportService   ] [vukpIBq] publish_address {127.0.0.1:9300}, bound_addresses {[fe80::1]:9300}, {[::1]:9300}, {127.0.0.1:9300}
[2017-10-20T14:01:59,506][INFO ][o.e.c.s.ClusterService   ] [vukpIBq] new_master {vukpIBq}{vukpIBqAQ4q-S6D-39n8Xg}{VslF7HmpR4emhS9usraNsw}{127.0.0.1}{127.0.0.1:9300}, reason: zen-disco-elected-as-master ([0] nodes joined)
[2017-10-20T14:01:59,531][INFO ][o.e.h.n.Netty4HttpServerTransport] [vukpIBq] publish_address {127.0.0.1:9200}, bound_addresses {[fe80::1]:9200}, {[::1]:9200}, {127.0.0.1:9200}
[2017-10-20T14:01:59,531][INFO ][o.e.n.Node               ] [vukpIBq] started
[2017-10-20T14:01:59,773][INFO ][o.e.g.GatewayService     ] [vukpIBq] recovered [4] indices into cluster_state
[2017-10-20T14:02:00,519][INFO ][o.e.c.r.a.AllocationService] [vukpIBq] Cluster health status changed from [RED] to [YELLOW] (reason: [shards started [[idx_twp][2]] ...]).
[2017-10-20T14:31:22,748][INFO ][o.e.c.m.MetaDataDeleteIndexService] [vukpIBq] [index1/iKZ7sxMaRHaI28FcCmbtJA] deleting index
[2017-10-20T14:33:48,989][INFO ][o.e.c.m.MetaDataCreateIndexService] [vukpIBq] [index1] creating index, cause [auto(bulk api)], templates [], shards [5]/[1], mappings []
[2017-10-20T14:33:49,064][INFO ][o.e.c.m.MetaDataMappingService] [vukpIBq] [index1/ZtR4svy0RtmzkB_OZsxp4g] create_mapping [tweet]
[2017-10-20T17:20:32,745][INFO ][o.e.c.m.MetaDataDeleteIndexService] [vukpIBq] [index1/ZtR4svy0RtmzkB_OZsxp4g] deleting index
[2017-10-20T17:21:12,141][INFO ][o.e.c.m.MetaDataCreateIndexService] [vukpIBq] [index1] creating index, cause [auto(bulk api)], templates [], shards [5]/[1], mappings []
[2017-10-20T17:21:12,199][INFO ][o.e.c.m.MetaDataMappingService] [vukpIBq] [index1/zQX1R8uqRsWqH5ErVpBQhA] create_mapping [tweet]
[2017-10-20T22:59:45,628][INFO ][o.e.n.Node               ] [vukpIBq] stopping ...
[2017-10-20T22:59:45,678][INFO ][o.e.n.Node               ] [vukpIBq] stopped
[2017-10-20T22:59:45,678][INFO ][o.e.n.Node               ] [vukpIBq] closing ...
[2017-10-20T22:59:45,692][INFO ][o.e.n.Node               ] [vukpIBq] closed
